<?xml version="1.0" encoding="UTF-8"?>
<testsuite xmlns:xsi="http://www.w3.org/2001/XMLSchema-instance" xsi:noNamespaceSchemaLocation="https://maven.apache.org/surefire/maven-surefire-plugin/xsd/surefire-test-report.xsd" name="br.com.dmsec.AppTest" time="0.01" tests="1" errors="0" skipped="0" failures="0">
  <properties>
    <property name="sun.desktop" value="gnome"/>
    <property name="awt.toolkit" value="sun.awt.X11.XToolkit"/>
    <property name="java.specification.version" value="11"/>
    <property name="sun.cpu.isalist" value=""/>
    <property name="sun.jnu.encoding" value="UTF-8"/>
    <property name="java.class.path" value="/media/douglasmsi/dados/Tools/platform-starter/starter-tracing/target/test-classes:/media/douglasmsi/dados/Tools/platform-starter/starter-tracing/target/classes:/home/douglasmsi/.m2/repository/junit/junit/3.8.1/junit-3.8.1.jar:/home/douglasmsi/.m2/repository/io/opentracing/contrib/opentracing-spring-cloud-starter/0.3.8/opentracing-spring-cloud-starter-0.3.8.jar:/home/douglasmsi/.m2/repository/io/opentracing/contrib/opentracing-spring-cloud-core/0.3.8/opentracing-spring-cloud-core-0.3.8.jar:/home/douglasmsi/.m2/repository/io/opentracing/contrib/opentracing-spring-tracer-configuration-starter/0.2.0/opentracing-spring-tracer-configuration-starter-0.2.0.jar:/home/douglasmsi/.m2/repository/org/springframework/spring-core/5.3.2/spring-core-5.3.2.jar:/home/douglasmsi/.m2/repository/org/springframework/spring-jcl/5.3.2/spring-jcl-5.3.2.jar:/home/douglasmsi/.m2/repository/org/springframework/boot/spring-boot-starter-aop/2.4.1/spring-boot-starter-aop-2.4.1.jar:/home/douglasmsi/.m2/repository/org/springframework/boot/spring-boot-starter/2.4.1/spring-boot-starter-2.4.1.jar:/home/douglasmsi/.m2/repository/org/springframework/boot/spring-boot-starter-logging/2.4.1/spring-boot-starter-logging-2.4.1.jar:/home/douglasmsi/.m2/repository/ch/qos/logback/logback-classic/1.2.3/logback-classic-1.2.3.jar:/home/douglasmsi/.m2/repository/ch/qos/logback/logback-core/1.2.3/logback-core-1.2.3.jar:/home/douglasmsi/.m2/repository/org/apache/logging/log4j/log4j-to-slf4j/2.13.3/log4j-to-slf4j-2.13.3.jar:/home/douglasmsi/.m2/repository/org/apache/logging/log4j/log4j-api/2.13.3/log4j-api-2.13.3.jar:/home/douglasmsi/.m2/repository/org/slf4j/jul-to-slf4j/1.7.30/jul-to-slf4j-1.7.30.jar:/home/douglasmsi/.m2/repository/jakarta/annotation/jakarta.annotation-api/1.3.5/jakarta.annotation-api-1.3.5.jar:/home/douglasmsi/.m2/repository/org/yaml/snakeyaml/1.27/snakeyaml-1.27.jar:/home/douglasmsi/.m2/repository/org/springframework/spring-aop/5.3.2/spring-aop-5.3.2.jar:/home/douglasmsi/.m2/repository/org/springframework/spring-beans/5.3.2/spring-beans-5.3.2.jar:/home/douglasmsi/.m2/repository/org/aspectj/aspectjweaver/1.9.6/aspectjweaver-1.9.6.jar:/home/douglasmsi/.m2/repository/io/opentracing/contrib/opentracing-concurrent/0.3.0/opentracing-concurrent-0.3.0.jar:/home/douglasmsi/.m2/repository/io/opentracing/contrib/opentracing-spring-web-starter/2.1.1/opentracing-spring-web-starter-2.1.1.jar:/home/douglasmsi/.m2/repository/io/opentracing/contrib/opentracing-spring-web/2.1.1/opentracing-spring-web-2.1.1.jar:/home/douglasmsi/.m2/repository/io/opentracing/contrib/opentracing-web-servlet-filter/0.3.0/opentracing-web-servlet-filter-0.3.0.jar:/home/douglasmsi/.m2/repository/io/opentracing/contrib/opentracing-tracerresolver/0.1.6/opentracing-tracerresolver-0.1.6.jar:/home/douglasmsi/.m2/repository/org/springframework/boot/spring-boot-autoconfigure/2.4.1/spring-boot-autoconfigure-2.4.1.jar:/home/douglasmsi/.m2/repository/org/springframework/boot/spring-boot/2.4.1/spring-boot-2.4.1.jar:/home/douglasmsi/.m2/repository/org/springframework/spring-context/5.3.2/spring-context-5.3.2.jar:/home/douglasmsi/.m2/repository/org/springframework/spring-expression/5.3.2/spring-expression-5.3.2.jar:/home/douglasmsi/.m2/repository/io/opentracing/contrib/opentracing-spring-messaging-starter/0.1.2/opentracing-spring-messaging-starter-0.1.2.jar:/home/douglasmsi/.m2/repository/io/opentracing/contrib/opentracing-spring-messaging/0.1.2/opentracing-spring-messaging-0.1.2.jar:/home/douglasmsi/.m2/repository/io/opentracing/contrib/opentracing-spring-rabbitmq-starter/2.0.5/opentracing-spring-rabbitmq-starter-2.0.5.jar:/home/douglasmsi/.m2/repository/io/opentracing/contrib/opentracing-spring-rabbitmq/2.0.5/opentracing-spring-rabbitmq-2.0.5.jar:/home/douglasmsi/.m2/repository/io/opentracing/contrib/opentracing-spring-cloud-jdbc-starter/0.3.8/opentracing-spring-cloud-jdbc-starter-0.3.8.jar:/home/douglasmsi/.m2/repository/io/opentracing/contrib/opentracing-jdbc/0.1.1/opentracing-jdbc-0.1.1.jar:/home/douglasmsi/.m2/repository/io/opentracing/contrib/opentracing-spring-cloud-jms-starter/0.3.8/opentracing-spring-cloud-jms-starter-0.3.8.jar:/home/douglasmsi/.m2/repository/io/opentracing/contrib/opentracing-jms-spring/0.1.0/opentracing-jms-spring-0.1.0.jar:/home/douglasmsi/.m2/repository/io/opentracing/contrib/opentracing-jms-1/0.1.0/opentracing-jms-1-0.1.0.jar:/home/douglasmsi/.m2/repository/io/opentracing/contrib/opentracing-jms-common/0.1.0/opentracing-jms-common-0.1.0.jar:/home/douglasmsi/.m2/repository/io/opentracing/contrib/opentracing-spring-cloud-feign-starter/0.3.8/opentracing-spring-cloud-feign-starter-0.3.8.jar:/home/douglasmsi/.m2/repository/io/github/openfeign/opentracing/feign-opentracing/0.3.0/feign-opentracing-0.3.0.jar:/home/douglasmsi/.m2/repository/io/github/openfeign/opentracing/feign-hystrix-opentracing/0.3.0/feign-hystrix-opentracing-0.3.0.jar:/home/douglasmsi/.m2/repository/io/opentracing/contrib/opentracing-spring-cloud-hystrix-starter/0.3.8/opentracing-spring-cloud-hystrix-starter-0.3.8.jar:/home/douglasmsi/.m2/repository/io/opentracing/contrib/opentracing-spring-cloud-reactor-starter/0.3.8/opentracing-spring-cloud-reactor-starter-0.3.8.jar:/home/douglasmsi/.m2/repository/io/opentracing/contrib/opentracing-reactor/0.1.0/opentracing-reactor-0.1.0.jar:/home/douglasmsi/.m2/repository/io/opentracing/contrib/opentracing-spring-cloud-rxjava-starter/0.3.8/opentracing-spring-cloud-rxjava-starter-0.3.8.jar:/home/douglasmsi/.m2/repository/io/opentracing/contrib/opentracing-rxjava-1/0.1.0/opentracing-rxjava-1-0.1.0.jar:/home/douglasmsi/.m2/repository/io/opentracing/contrib/opentracing-spring-cloud-redis-starter/0.3.8/opentracing-spring-cloud-redis-starter-0.3.8.jar:/home/douglasmsi/.m2/repository/io/opentracing/contrib/opentracing-redis-spring-data2/0.1.2/opentracing-redis-spring-data2-0.1.2.jar:/home/douglasmsi/.m2/repository/io/opentracing/contrib/opentracing-redis-common/0.1.2/opentracing-redis-common-0.1.2.jar:/home/douglasmsi/.m2/repository/io/opentracing/contrib/opentracing-spring-cloud-mongo-starter/0.3.8/opentracing-spring-cloud-mongo-starter-0.3.8.jar:/home/douglasmsi/.m2/repository/io/opentracing/contrib/opentracing-mongo-driver/0.1.2/opentracing-mongo-driver-0.1.2.jar:/home/douglasmsi/.m2/repository/io/opentracing/contrib/opentracing-mongo-common/0.1.2/opentracing-mongo-common-0.1.2.jar:/home/douglasmsi/.m2/repository/io/opentracing/contrib/opentracing-spring-cloud-websocket-starter/0.3.8/opentracing-spring-cloud-websocket-starter-0.3.8.jar:/home/douglasmsi/.m2/repository/io/opentracing/contrib/opentracing-spring-cloud-zuul-starter/0.3.8/opentracing-spring-cloud-zuul-starter-0.3.8.jar:/home/douglasmsi/.m2/repository/io/opentracing/opentracing-api/0.32.0/opentracing-api-0.32.0.jar:/home/douglasmsi/.m2/repository/io/opentracing/contrib/opentracing-spring-jaeger-cloud-starter/2.0.3/opentracing-spring-jaeger-cloud-starter-2.0.3.jar:/home/douglasmsi/.m2/repository/io/opentracing/contrib/opentracing-spring-jaeger-starter/2.0.3/opentracing-spring-jaeger-starter-2.0.3.jar:/home/douglasmsi/.m2/repository/io/jaegertracing/jaeger-client/0.35.1/jaeger-client-0.35.1.jar:/home/douglasmsi/.m2/repository/io/jaegertracing/jaeger-thrift/0.35.1/jaeger-thrift-0.35.1.jar:/home/douglasmsi/.m2/repository/org/slf4j/slf4j-api/1.7.30/slf4j-api-1.7.30.jar:/home/douglasmsi/.m2/repository/org/apache/thrift/libthrift/0.12.0/libthrift-0.12.0.jar:/home/douglasmsi/.m2/repository/com/squareup/okhttp3/okhttp/3.14.9/okhttp-3.14.9.jar:/home/douglasmsi/.m2/repository/com/squareup/okio/okio/1.17.2/okio-1.17.2.jar:/home/douglasmsi/.m2/repository/io/jaegertracing/jaeger-core/0.35.1/jaeger-core-0.35.1.jar:/home/douglasmsi/.m2/repository/com/google/code/gson/gson/2.8.6/gson-2.8.6.jar:/home/douglasmsi/.m2/repository/io/jaegertracing/jaeger-tracerresolver/0.35.1/jaeger-tracerresolver-0.35.1.jar:/home/douglasmsi/.m2/repository/io/opentracing/opentracing-util/0.33.0/opentracing-util-0.33.0.jar:/home/douglasmsi/.m2/repository/io/opentracing/opentracing-noop/0.33.0/opentracing-noop-0.33.0.jar:"/>
    <property name="java.vm.vendor" value="Ubuntu"/>
    <property name="sun.arch.data.model" value="64"/>
    <property name="java.vendor.url" value="https://ubuntu.com/"/>
    <property name="user.timezone" value=""/>
    <property name="user.country.format" value="BR"/>
    <property name="java.vm.specification.version" value="11"/>
    <property name="os.name" value="Linux"/>
    <property name="sun.java.launcher" value="SUN_STANDARD"/>
    <property name="user.country" value="US"/>
    <property name="sun.boot.library.path" value="/usr/lib/jvm/java-11-openjdk-amd64/lib"/>
    <property name="sun.java.command" value="/media/douglasmsi/dados/Tools/platform-starter/starter-tracing/target/surefire/surefirebooter14518317283039849337.jar /media/douglasmsi/dados/Tools/platform-starter/starter-tracing/target/surefire 2021-01-17T16-58-48_146-jvmRun1 surefire8523761784388320112tmp surefire_96978098858885069757tmp"/>
    <property name="jdk.debug" value="release"/>
    <property name="surefire.test.class.path" value="/media/douglasmsi/dados/Tools/platform-starter/starter-tracing/target/test-classes:/media/douglasmsi/dados/Tools/platform-starter/starter-tracing/target/classes:/home/douglasmsi/.m2/repository/junit/junit/3.8.1/junit-3.8.1.jar:/home/douglasmsi/.m2/repository/io/opentracing/contrib/opentracing-spring-cloud-starter/0.3.8/opentracing-spring-cloud-starter-0.3.8.jar:/home/douglasmsi/.m2/repository/io/opentracing/contrib/opentracing-spring-cloud-core/0.3.8/opentracing-spring-cloud-core-0.3.8.jar:/home/douglasmsi/.m2/repository/io/opentracing/contrib/opentracing-spring-tracer-configuration-starter/0.2.0/opentracing-spring-tracer-configuration-starter-0.2.0.jar:/home/douglasmsi/.m2/repository/org/springframework/spring-core/5.3.2/spring-core-5.3.2.jar:/home/douglasmsi/.m2/repository/org/springframework/spring-jcl/5.3.2/spring-jcl-5.3.2.jar:/home/douglasmsi/.m2/repository/org/springframework/boot/spring-boot-starter-aop/2.4.1/spring-boot-starter-aop-2.4.1.jar:/home/douglasmsi/.m2/repository/org/springframework/boot/spring-boot-starter/2.4.1/spring-boot-starter-2.4.1.jar:/home/douglasmsi/.m2/repository/org/springframework/boot/spring-boot-starter-logging/2.4.1/spring-boot-starter-logging-2.4.1.jar:/home/douglasmsi/.m2/repository/ch/qos/logback/logback-classic/1.2.3/logback-classic-1.2.3.jar:/home/douglasmsi/.m2/repository/ch/qos/logback/logback-core/1.2.3/logback-core-1.2.3.jar:/home/douglasmsi/.m2/repository/org/apache/logging/log4j/log4j-to-slf4j/2.13.3/log4j-to-slf4j-2.13.3.jar:/home/douglasmsi/.m2/repository/org/apache/logging/log4j/log4j-api/2.13.3/log4j-api-2.13.3.jar:/home/douglasmsi/.m2/repository/org/slf4j/jul-to-slf4j/1.7.30/jul-to-slf4j-1.7.30.jar:/home/douglasmsi/.m2/repository/jakarta/annotation/jakarta.annotation-api/1.3.5/jakarta.annotation-api-1.3.5.jar:/home/douglasmsi/.m2/repository/org/yaml/snakeyaml/1.27/snakeyaml-1.27.jar:/home/douglasmsi/.m2/repository/org/springframework/spring-aop/5.3.2/spring-aop-5.3.2.jar:/home/douglasmsi/.m2/repository/org/springframework/spring-beans/5.3.2/spring-beans-5.3.2.jar:/home/douglasmsi/.m2/repository/org/aspectj/aspectjweaver/1.9.6/aspectjweaver-1.9.6.jar:/home/douglasmsi/.m2/repository/io/opentracing/contrib/opentracing-concurrent/0.3.0/opentracing-concurrent-0.3.0.jar:/home/douglasmsi/.m2/repository/io/opentracing/contrib/opentracing-spring-web-starter/2.1.1/opentracing-spring-web-starter-2.1.1.jar:/home/douglasmsi/.m2/repository/io/opentracing/contrib/opentracing-spring-web/2.1.1/opentracing-spring-web-2.1.1.jar:/home/douglasmsi/.m2/repository/io/opentracing/contrib/opentracing-web-servlet-filter/0.3.0/opentracing-web-servlet-filter-0.3.0.jar:/home/douglasmsi/.m2/repository/io/opentracing/contrib/opentracing-tracerresolver/0.1.6/opentracing-tracerresolver-0.1.6.jar:/home/douglasmsi/.m2/repository/org/springframework/boot/spring-boot-autoconfigure/2.4.1/spring-boot-autoconfigure-2.4.1.jar:/home/douglasmsi/.m2/repository/org/springframework/boot/spring-boot/2.4.1/spring-boot-2.4.1.jar:/home/douglasmsi/.m2/repository/org/springframework/spring-context/5.3.2/spring-context-5.3.2.jar:/home/douglasmsi/.m2/repository/org/springframework/spring-expression/5.3.2/spring-expression-5.3.2.jar:/home/douglasmsi/.m2/repository/io/opentracing/contrib/opentracing-spring-messaging-starter/0.1.2/opentracing-spring-messaging-starter-0.1.2.jar:/home/douglasmsi/.m2/repository/io/opentracing/contrib/opentracing-spring-messaging/0.1.2/opentracing-spring-messaging-0.1.2.jar:/home/douglasmsi/.m2/repository/io/opentracing/contrib/opentracing-spring-rabbitmq-starter/2.0.5/opentracing-spring-rabbitmq-starter-2.0.5.jar:/home/douglasmsi/.m2/repository/io/opentracing/contrib/opentracing-spring-rabbitmq/2.0.5/opentracing-spring-rabbitmq-2.0.5.jar:/home/douglasmsi/.m2/repository/io/opentracing/contrib/opentracing-spring-cloud-jdbc-starter/0.3.8/opentracing-spring-cloud-jdbc-starter-0.3.8.jar:/home/douglasmsi/.m2/repository/io/opentracing/contrib/opentracing-jdbc/0.1.1/opentracing-jdbc-0.1.1.jar:/home/douglasmsi/.m2/repository/io/opentracing/contrib/opentracing-spring-cloud-jms-starter/0.3.8/opentracing-spring-cloud-jms-starter-0.3.8.jar:/home/douglasmsi/.m2/repository/io/opentracing/contrib/opentracing-jms-spring/0.1.0/opentracing-jms-spring-0.1.0.jar:/home/douglasmsi/.m2/repository/io/opentracing/contrib/opentracing-jms-1/0.1.0/opentracing-jms-1-0.1.0.jar:/home/douglasmsi/.m2/repository/io/opentracing/contrib/opentracing-jms-common/0.1.0/opentracing-jms-common-0.1.0.jar:/home/douglasmsi/.m2/repository/io/opentracing/contrib/opentracing-spring-cloud-feign-starter/0.3.8/opentracing-spring-cloud-feign-starter-0.3.8.jar:/home/douglasmsi/.m2/repository/io/github/openfeign/opentracing/feign-opentracing/0.3.0/feign-opentracing-0.3.0.jar:/home/douglasmsi/.m2/repository/io/github/openfeign/opentracing/feign-hystrix-opentracing/0.3.0/feign-hystrix-opentracing-0.3.0.jar:/home/douglasmsi/.m2/repository/io/opentracing/contrib/opentracing-spring-cloud-hystrix-starter/0.3.8/opentracing-spring-cloud-hystrix-starter-0.3.8.jar:/home/douglasmsi/.m2/repository/io/opentracing/contrib/opentracing-spring-cloud-reactor-starter/0.3.8/opentracing-spring-cloud-reactor-starter-0.3.8.jar:/home/douglasmsi/.m2/repository/io/opentracing/contrib/opentracing-reactor/0.1.0/opentracing-reactor-0.1.0.jar:/home/douglasmsi/.m2/repository/io/opentracing/contrib/opentracing-spring-cloud-rxjava-starter/0.3.8/opentracing-spring-cloud-rxjava-starter-0.3.8.jar:/home/douglasmsi/.m2/repository/io/opentracing/contrib/opentracing-rxjava-1/0.1.0/opentracing-rxjava-1-0.1.0.jar:/home/douglasmsi/.m2/repository/io/opentracing/contrib/opentracing-spring-cloud-redis-starter/0.3.8/opentracing-spring-cloud-redis-starter-0.3.8.jar:/home/douglasmsi/.m2/repository/io/opentracing/contrib/opentracing-redis-spring-data2/0.1.2/opentracing-redis-spring-data2-0.1.2.jar:/home/douglasmsi/.m2/repository/io/opentracing/contrib/opentracing-redis-common/0.1.2/opentracing-redis-common-0.1.2.jar:/home/douglasmsi/.m2/repository/io/opentracing/contrib/opentracing-spring-cloud-mongo-starter/0.3.8/opentracing-spring-cloud-mongo-starter-0.3.8.jar:/home/douglasmsi/.m2/repository/io/opentracing/contrib/opentracing-mongo-driver/0.1.2/opentracing-mongo-driver-0.1.2.jar:/home/douglasmsi/.m2/repository/io/opentracing/contrib/opentracing-mongo-common/0.1.2/opentracing-mongo-common-0.1.2.jar:/home/douglasmsi/.m2/repository/io/opentracing/contrib/opentracing-spring-cloud-websocket-starter/0.3.8/opentracing-spring-cloud-websocket-starter-0.3.8.jar:/home/douglasmsi/.m2/repository/io/opentracing/contrib/opentracing-spring-cloud-zuul-starter/0.3.8/opentracing-spring-cloud-zuul-starter-0.3.8.jar:/home/douglasmsi/.m2/repository/io/opentracing/opentracing-api/0.32.0/opentracing-api-0.32.0.jar:/home/douglasmsi/.m2/repository/io/opentracing/contrib/opentracing-spring-jaeger-cloud-starter/2.0.3/opentracing-spring-jaeger-cloud-starter-2.0.3.jar:/home/douglasmsi/.m2/repository/io/opentracing/contrib/opentracing-spring-jaeger-starter/2.0.3/opentracing-spring-jaeger-starter-2.0.3.jar:/home/douglasmsi/.m2/repository/io/jaegertracing/jaeger-client/0.35.1/jaeger-client-0.35.1.jar:/home/douglasmsi/.m2/repository/io/jaegertracing/jaeger-thrift/0.35.1/jaeger-thrift-0.35.1.jar:/home/douglasmsi/.m2/repository/org/slf4j/slf4j-api/1.7.30/slf4j-api-1.7.30.jar:/home/douglasmsi/.m2/repository/org/apache/thrift/libthrift/0.12.0/libthrift-0.12.0.jar:/home/douglasmsi/.m2/repository/com/squareup/okhttp3/okhttp/3.14.9/okhttp-3.14.9.jar:/home/douglasmsi/.m2/repository/com/squareup/okio/okio/1.17.2/okio-1.17.2.jar:/home/douglasmsi/.m2/repository/io/jaegertracing/jaeger-core/0.35.1/jaeger-core-0.35.1.jar:/home/douglasmsi/.m2/repository/com/google/code/gson/gson/2.8.6/gson-2.8.6.jar:/home/douglasmsi/.m2/repository/io/jaegertracing/jaeger-tracerresolver/0.35.1/jaeger-tracerresolver-0.35.1.jar:/home/douglasmsi/.m2/repository/io/opentracing/opentracing-util/0.33.0/opentracing-util-0.33.0.jar:/home/douglasmsi/.m2/repository/io/opentracing/opentracing-noop/0.33.0/opentracing-noop-0.33.0.jar:"/>
    <property name="sun.cpu.endian" value="little"/>
    <property name="user.home" value="/home/douglasmsi"/>
    <property name="user.language" value="en"/>
    <property name="java.specification.vendor" value="Oracle Corporation"/>
    <property name="java.version.date" value="2020-11-04"/>
    <property name="java.home" value="/usr/lib/jvm/java-11-openjdk-amd64"/>
    <property name="file.separator" value="/"/>
    <property name="basedir" value="/media/douglasmsi/dados/Tools/platform-starter/starter-tracing"/>
    <property name="java.vm.compressedOopsMode" value="Zero based"/>
    <property name="line.separator" value="&#10;"/>
    <property name="java.specification.name" value="Java Platform API Specification"/>
    <property name="java.vm.specification.vendor" value="Oracle Corporation"/>
    <property name="java.awt.graphicsenv" value="sun.awt.X11GraphicsEnvironment"/>
    <property name="surefire.real.class.path" value="/media/douglasmsi/dados/Tools/platform-starter/starter-tracing/target/surefire/surefirebooter14518317283039849337.jar"/>
    <property name="sun.management.compiler" value="HotSpot 64-Bit Tiered Compilers"/>
    <property name="java.runtime.version" value="11.0.9.1+1-Ubuntu-0ubuntu1.20.04"/>
    <property name="user.name" value="douglasmsi"/>
    <property name="path.separator" value=":"/>
    <property name="os.version" value="5.4.0-60-generic"/>
    <property name="java.runtime.name" value="OpenJDK Runtime Environment"/>
    <property name="file.encoding" value="UTF-8"/>
    <property name="java.vm.name" value="OpenJDK 64-Bit Server VM"/>
    <property name="localRepository" value="/home/douglasmsi/.m2/repository"/>
    <property name="java.vendor.url.bug" value="https://bugs.launchpad.net/ubuntu/+source/openjdk-lts"/>
    <property name="java.io.tmpdir" value="/tmp"/>
    <property name="idea.version" value="2020.3.1"/>
    <property name="java.version" value="11.0.9.1"/>
    <property name="user.dir" value="/media/douglasmsi/dados/Tools/platform-starter/starter-tracing"/>
    <property name="os.arch" value="amd64"/>
    <property name="java.vm.specification.name" value="Java Virtual Machine Specification"/>
    <property name="java.awt.printerjob" value="sun.print.PSPrinterJob"/>
    <property name="user.language.format" value="pt"/>
    <property name="sun.os.patch.level" value="unknown"/>
    <property name="java.library.path" value="/usr/java/packages/lib:/usr/lib/x86_64-linux-gnu/jni:/lib/x86_64-linux-gnu:/usr/lib/x86_64-linux-gnu:/usr/lib/jni:/lib:/usr/lib"/>
    <property name="java.vm.info" value="mixed mode, sharing"/>
    <property name="java.vendor" value="Ubuntu"/>
    <property name="java.vm.version" value="11.0.9.1+1-Ubuntu-0ubuntu1.20.04"/>
    <property name="sun.io.unicode.encoding" value="UnicodeLittle"/>
    <property name="java.class.version" value="55.0"/>
  </properties>
  <testcase name="testApp" classname="br.com.dmsec.AppTest" time="0.002"/>
</testsuite>