<?xml version="1.0" encoding="UTF-8"?>
<testsuite xmlns:xsi="http://www.w3.org/2001/XMLSchema-instance" xsi:noNamespaceSchemaLocation="https://maven.apache.org/surefire/maven-surefire-plugin/xsd/surefire-test-report.xsd" name="br.com.dmsec.AppTest" time="0.011" tests="1" errors="0" skipped="0" failures="0">
  <properties>
    <property name="sun.desktop" value="gnome"/>
    <property name="awt.toolkit" value="sun.awt.X11.XToolkit"/>
    <property name="java.specification.version" value="11"/>
    <property name="sun.cpu.isalist" value=""/>
    <property name="sun.jnu.encoding" value="UTF-8"/>
    <property name="java.class.path" value="/media/douglasmsi/dados/Tools/platform-starter/starter-prometheus/target/test-classes:/media/douglasmsi/dados/Tools/platform-starter/starter-prometheus/target/classes:/home/douglasmsi/.m2/repository/junit/junit/3.8.1/junit-3.8.1.jar:/home/douglasmsi/.m2/repository/io/micrometer/micrometer-core/1.6.2/micrometer-core-1.6.2.jar:/home/douglasmsi/.m2/repository/org/hdrhistogram/HdrHistogram/2.1.12/HdrHistogram-2.1.12.jar:/home/douglasmsi/.m2/repository/org/latencyutils/LatencyUtils/2.0.3/LatencyUtils-2.0.3.jar:/home/douglasmsi/.m2/repository/io/micrometer/micrometer-registry-prometheus/1.6.2/micrometer-registry-prometheus-1.6.2.jar:/home/douglasmsi/.m2/repository/io/prometheus/simpleclient_common/0.9.0/simpleclient_common-0.9.0.jar:/home/douglasmsi/.m2/repository/io/prometheus/simpleclient/0.9.0/simpleclient-0.9.0.jar:/home/douglasmsi/.m2/repository/io/micrometer/micrometer-registry-cloudwatch/1.6.2/micrometer-registry-cloudwatch-1.6.2.jar:/home/douglasmsi/.m2/repository/com/amazonaws/aws-java-sdk-cloudwatch/1.11.415/aws-java-sdk-cloudwatch-1.11.415.jar:/home/douglasmsi/.m2/repository/com/amazonaws/aws-java-sdk-core/1.11.415/aws-java-sdk-core-1.11.415.jar:/home/douglasmsi/.m2/repository/org/apache/httpcomponents/httpclient/4.5.13/httpclient-4.5.13.jar:/home/douglasmsi/.m2/repository/org/apache/httpcomponents/httpcore/4.4.14/httpcore-4.4.14.jar:/home/douglasmsi/.m2/repository/commons-codec/commons-codec/1.15/commons-codec-1.15.jar:/home/douglasmsi/.m2/repository/software/amazon/ion/ion-java/1.0.2/ion-java-1.0.2.jar:/home/douglasmsi/.m2/repository/com/fasterxml/jackson/dataformat/jackson-dataformat-cbor/2.11.3/jackson-dataformat-cbor-2.11.3.jar:/home/douglasmsi/.m2/repository/joda-time/joda-time/2.8.1/joda-time-2.8.1.jar:/home/douglasmsi/.m2/repository/com/amazonaws/jmespath-java/1.11.415/jmespath-java-1.11.415.jar:/home/douglasmsi/.m2/repository/org/slf4j/slf4j-api/1.7.30/slf4j-api-1.7.30.jar:/home/douglasmsi/.m2/repository/org/springframework/cloud/spring-cloud-starter-aws/2.2.5.RELEASE/spring-cloud-starter-aws-2.2.5.RELEASE.jar:/home/douglasmsi/.m2/repository/org/springframework/cloud/spring-cloud-aws-context/2.2.0.RELEASE/spring-cloud-aws-context-2.2.0.RELEASE.jar:/home/douglasmsi/.m2/repository/org/springframework/cloud/spring-cloud-aws-core/2.2.0.RELEASE/spring-cloud-aws-core-2.2.0.RELEASE.jar:/home/douglasmsi/.m2/repository/org/springframework/spring-beans/5.3.2/spring-beans-5.3.2.jar:/home/douglasmsi/.m2/repository/org/springframework/spring-aop/5.3.2/spring-aop-5.3.2.jar:/home/douglasmsi/.m2/repository/com/amazonaws/aws-java-sdk-s3/1.11.415/aws-java-sdk-s3-1.11.415.jar:/home/douglasmsi/.m2/repository/com/amazonaws/aws-java-sdk-kms/1.11.415/aws-java-sdk-kms-1.11.415.jar:/home/douglasmsi/.m2/repository/com/amazonaws/aws-java-sdk-ec2/1.11.415/aws-java-sdk-ec2-1.11.415.jar:/home/douglasmsi/.m2/repository/com/amazonaws/aws-java-sdk-cloudformation/1.11.415/aws-java-sdk-cloudformation-1.11.415.jar:/home/douglasmsi/.m2/repository/org/springframework/spring-context/5.3.2/spring-context-5.3.2.jar:/home/douglasmsi/.m2/repository/org/springframework/spring-expression/5.3.2/spring-expression-5.3.2.jar:/home/douglasmsi/.m2/repository/org/springframework/cloud/spring-cloud-aws-autoconfigure/2.2.0.RELEASE/spring-cloud-aws-autoconfigure-2.2.0.RELEASE.jar:/home/douglasmsi/.m2/repository/javax/activation/javax.activation-api/1.2.0/javax.activation-api-1.2.0.jar:/home/douglasmsi/.m2/repository/org/springframework/boot/spring-boot-autoconfigure/2.4.1/spring-boot-autoconfigure-2.4.1.jar:/home/douglasmsi/.m2/repository/org/springframework/boot/spring-boot/2.4.1/spring-boot-2.4.1.jar:/home/douglasmsi/.m2/repository/org/springframework/spring-core/5.3.2/spring-core-5.3.2.jar:/home/douglasmsi/.m2/repository/org/springframework/spring-jcl/5.3.2/spring-jcl-5.3.2.jar:/media/douglasmsi/dados/Tools/platform-starter/starter-commons/target/starter-commons-1.0-SNAPSHOT.jar:/home/douglasmsi/.m2/repository/com/fasterxml/jackson/datatype/jackson-datatype-jsr310/2.11.3/jackson-datatype-jsr310-2.11.3.jar:/home/douglasmsi/.m2/repository/com/fasterxml/jackson/core/jackson-annotations/2.11.3/jackson-annotations-2.11.3.jar:/home/douglasmsi/.m2/repository/com/fasterxml/jackson/core/jackson-core/2.11.3/jackson-core-2.11.3.jar:/home/douglasmsi/.m2/repository/com/fasterxml/jackson/core/jackson-databind/2.11.3/jackson-databind-2.11.3.jar:"/>
    <property name="java.vm.vendor" value="Ubuntu"/>
    <property name="sun.arch.data.model" value="64"/>
    <property name="java.vendor.url" value="https://ubuntu.com/"/>
    <property name="user.timezone" value=""/>
    <property name="user.country.format" value="BR"/>
    <property name="java.vm.specification.version" value="11"/>
    <property name="os.name" value="Linux"/>
    <property name="sun.java.launcher" value="SUN_STANDARD"/>
    <property name="user.country" value="US"/>
    <property name="sun.boot.library.path" value="/usr/lib/jvm/java-11-openjdk-amd64/lib"/>
    <property name="sun.java.command" value="/media/douglasmsi/dados/Tools/platform-starter/starter-prometheus/target/surefire/surefirebooter2027842786886744152.jar /media/douglasmsi/dados/Tools/platform-starter/starter-prometheus/target/surefire 2021-01-17T16-58-48_146-jvmRun1 surefire10274985115303291532tmp surefire_72862434657266953354tmp"/>
    <property name="jdk.debug" value="release"/>
    <property name="surefire.test.class.path" value="/media/douglasmsi/dados/Tools/platform-starter/starter-prometheus/target/test-classes:/media/douglasmsi/dados/Tools/platform-starter/starter-prometheus/target/classes:/home/douglasmsi/.m2/repository/junit/junit/3.8.1/junit-3.8.1.jar:/home/douglasmsi/.m2/repository/io/micrometer/micrometer-core/1.6.2/micrometer-core-1.6.2.jar:/home/douglasmsi/.m2/repository/org/hdrhistogram/HdrHistogram/2.1.12/HdrHistogram-2.1.12.jar:/home/douglasmsi/.m2/repository/org/latencyutils/LatencyUtils/2.0.3/LatencyUtils-2.0.3.jar:/home/douglasmsi/.m2/repository/io/micrometer/micrometer-registry-prometheus/1.6.2/micrometer-registry-prometheus-1.6.2.jar:/home/douglasmsi/.m2/repository/io/prometheus/simpleclient_common/0.9.0/simpleclient_common-0.9.0.jar:/home/douglasmsi/.m2/repository/io/prometheus/simpleclient/0.9.0/simpleclient-0.9.0.jar:/home/douglasmsi/.m2/repository/io/micrometer/micrometer-registry-cloudwatch/1.6.2/micrometer-registry-cloudwatch-1.6.2.jar:/home/douglasmsi/.m2/repository/com/amazonaws/aws-java-sdk-cloudwatch/1.11.415/aws-java-sdk-cloudwatch-1.11.415.jar:/home/douglasmsi/.m2/repository/com/amazonaws/aws-java-sdk-core/1.11.415/aws-java-sdk-core-1.11.415.jar:/home/douglasmsi/.m2/repository/org/apache/httpcomponents/httpclient/4.5.13/httpclient-4.5.13.jar:/home/douglasmsi/.m2/repository/org/apache/httpcomponents/httpcore/4.4.14/httpcore-4.4.14.jar:/home/douglasmsi/.m2/repository/commons-codec/commons-codec/1.15/commons-codec-1.15.jar:/home/douglasmsi/.m2/repository/software/amazon/ion/ion-java/1.0.2/ion-java-1.0.2.jar:/home/douglasmsi/.m2/repository/com/fasterxml/jackson/dataformat/jackson-dataformat-cbor/2.11.3/jackson-dataformat-cbor-2.11.3.jar:/home/douglasmsi/.m2/repository/joda-time/joda-time/2.8.1/joda-time-2.8.1.jar:/home/douglasmsi/.m2/repository/com/amazonaws/jmespath-java/1.11.415/jmespath-java-1.11.415.jar:/home/douglasmsi/.m2/repository/org/slf4j/slf4j-api/1.7.30/slf4j-api-1.7.30.jar:/home/douglasmsi/.m2/repository/org/springframework/cloud/spring-cloud-starter-aws/2.2.5.RELEASE/spring-cloud-starter-aws-2.2.5.RELEASE.jar:/home/douglasmsi/.m2/repository/org/springframework/cloud/spring-cloud-aws-context/2.2.0.RELEASE/spring-cloud-aws-context-2.2.0.RELEASE.jar:/home/douglasmsi/.m2/repository/org/springframework/cloud/spring-cloud-aws-core/2.2.0.RELEASE/spring-cloud-aws-core-2.2.0.RELEASE.jar:/home/douglasmsi/.m2/repository/org/springframework/spring-beans/5.3.2/spring-beans-5.3.2.jar:/home/douglasmsi/.m2/repository/org/springframework/spring-aop/5.3.2/spring-aop-5.3.2.jar:/home/douglasmsi/.m2/repository/com/amazonaws/aws-java-sdk-s3/1.11.415/aws-java-sdk-s3-1.11.415.jar:/home/douglasmsi/.m2/repository/com/amazonaws/aws-java-sdk-kms/1.11.415/aws-java-sdk-kms-1.11.415.jar:/home/douglasmsi/.m2/repository/com/amazonaws/aws-java-sdk-ec2/1.11.415/aws-java-sdk-ec2-1.11.415.jar:/home/douglasmsi/.m2/repository/com/amazonaws/aws-java-sdk-cloudformation/1.11.415/aws-java-sdk-cloudformation-1.11.415.jar:/home/douglasmsi/.m2/repository/org/springframework/spring-context/5.3.2/spring-context-5.3.2.jar:/home/douglasmsi/.m2/repository/org/springframework/spring-expression/5.3.2/spring-expression-5.3.2.jar:/home/douglasmsi/.m2/repository/org/springframework/cloud/spring-cloud-aws-autoconfigure/2.2.0.RELEASE/spring-cloud-aws-autoconfigure-2.2.0.RELEASE.jar:/home/douglasmsi/.m2/repository/javax/activation/javax.activation-api/1.2.0/javax.activation-api-1.2.0.jar:/home/douglasmsi/.m2/repository/org/springframework/boot/spring-boot-autoconfigure/2.4.1/spring-boot-autoconfigure-2.4.1.jar:/home/douglasmsi/.m2/repository/org/springframework/boot/spring-boot/2.4.1/spring-boot-2.4.1.jar:/home/douglasmsi/.m2/repository/org/springframework/spring-core/5.3.2/spring-core-5.3.2.jar:/home/douglasmsi/.m2/repository/org/springframework/spring-jcl/5.3.2/spring-jcl-5.3.2.jar:/media/douglasmsi/dados/Tools/platform-starter/starter-commons/target/starter-commons-1.0-SNAPSHOT.jar:/home/douglasmsi/.m2/repository/com/fasterxml/jackson/datatype/jackson-datatype-jsr310/2.11.3/jackson-datatype-jsr310-2.11.3.jar:/home/douglasmsi/.m2/repository/com/fasterxml/jackson/core/jackson-annotations/2.11.3/jackson-annotations-2.11.3.jar:/home/douglasmsi/.m2/repository/com/fasterxml/jackson/core/jackson-core/2.11.3/jackson-core-2.11.3.jar:/home/douglasmsi/.m2/repository/com/fasterxml/jackson/core/jackson-databind/2.11.3/jackson-databind-2.11.3.jar:"/>
    <property name="sun.cpu.endian" value="little"/>
    <property name="user.home" value="/home/douglasmsi"/>
    <property name="user.language" value="en"/>
    <property name="java.specification.vendor" value="Oracle Corporation"/>
    <property name="java.version.date" value="2020-11-04"/>
    <property name="java.home" value="/usr/lib/jvm/java-11-openjdk-amd64"/>
    <property name="file.separator" value="/"/>
    <property name="basedir" value="/media/douglasmsi/dados/Tools/platform-starter/starter-prometheus"/>
    <property name="java.vm.compressedOopsMode" value="Zero based"/>
    <property name="line.separator" value="&#10;"/>
    <property name="java.specification.name" value="Java Platform API Specification"/>
    <property name="java.vm.specification.vendor" value="Oracle Corporation"/>
    <property name="java.awt.graphicsenv" value="sun.awt.X11GraphicsEnvironment"/>
    <property name="surefire.real.class.path" value="/media/douglasmsi/dados/Tools/platform-starter/starter-prometheus/target/surefire/surefirebooter2027842786886744152.jar"/>
    <property name="sun.management.compiler" value="HotSpot 64-Bit Tiered Compilers"/>
    <property name="java.runtime.version" value="11.0.9.1+1-Ubuntu-0ubuntu1.20.04"/>
    <property name="user.name" value="douglasmsi"/>
    <property name="path.separator" value=":"/>
    <property name="os.version" value="5.4.0-60-generic"/>
    <property name="java.runtime.name" value="OpenJDK Runtime Environment"/>
    <property name="file.encoding" value="UTF-8"/>
    <property name="java.vm.name" value="OpenJDK 64-Bit Server VM"/>
    <property name="localRepository" value="/home/douglasmsi/.m2/repository"/>
    <property name="java.vendor.url.bug" value="https://bugs.launchpad.net/ubuntu/+source/openjdk-lts"/>
    <property name="java.io.tmpdir" value="/tmp"/>
    <property name="idea.version" value="2020.3.1"/>
    <property name="java.version" value="11.0.9.1"/>
    <property name="user.dir" value="/media/douglasmsi/dados/Tools/platform-starter/starter-prometheus"/>
    <property name="os.arch" value="amd64"/>
    <property name="java.vm.specification.name" value="Java Virtual Machine Specification"/>
    <property name="java.awt.printerjob" value="sun.print.PSPrinterJob"/>
    <property name="user.language.format" value="pt"/>
    <property name="sun.os.patch.level" value="unknown"/>
    <property name="java.library.path" value="/usr/java/packages/lib:/usr/lib/x86_64-linux-gnu/jni:/lib/x86_64-linux-gnu:/usr/lib/x86_64-linux-gnu:/usr/lib/jni:/lib:/usr/lib"/>
    <property name="java.vm.info" value="mixed mode, sharing"/>
    <property name="java.vendor" value="Ubuntu"/>
    <property name="java.vm.version" value="11.0.9.1+1-Ubuntu-0ubuntu1.20.04"/>
    <property name="sun.io.unicode.encoding" value="UnicodeLittle"/>
    <property name="java.class.version" value="55.0"/>
  </properties>
  <testcase name="testApp" classname="br.com.dmsec.AppTest" time="0.001"/>
</testsuite>