<?xml version="1.0" encoding="UTF-8"?>
<testsuite xmlns:xsi="http://www.w3.org/2001/XMLSchema-instance" xsi:noNamespaceSchemaLocation="https://maven.apache.org/surefire/maven-surefire-plugin/xsd/surefire-test-report.xsd" name="br.com.dmsec.AppTest" time="0.014" tests="1" errors="0" skipped="0" failures="0">
  <properties>
    <property name="sun.desktop" value="gnome"/>
    <property name="awt.toolkit" value="sun.awt.X11.XToolkit"/>
    <property name="java.specification.version" value="11"/>
    <property name="sun.cpu.isalist" value=""/>
    <property name="sun.jnu.encoding" value="UTF-8"/>
    <property name="java.class.path" value="/media/douglasmsi/dados/Tools/platform-starter/starter-feign/target/test-classes:/media/douglasmsi/dados/Tools/platform-starter/starter-feign/target/classes:/home/douglasmsi/.m2/repository/junit/junit/3.8.1/junit-3.8.1.jar:/media/douglasmsi/dados/Tools/platform-starter/starter-context/target/starter-context-1.0-SNAPSHOT.jar:/home/douglasmsi/.m2/repository/io/opentracing/contrib/opentracing-spring-cloud-starter/0.3.8/opentracing-spring-cloud-starter-0.3.8.jar:/home/douglasmsi/.m2/repository/io/opentracing/contrib/opentracing-spring-cloud-core/0.3.8/opentracing-spring-cloud-core-0.3.8.jar:/home/douglasmsi/.m2/repository/io/opentracing/contrib/opentracing-spring-tracer-configuration-starter/0.2.0/opentracing-spring-tracer-configuration-starter-0.2.0.jar:/home/douglasmsi/.m2/repository/io/opentracing/opentracing-noop/0.32.0/opentracing-noop-0.32.0.jar:/home/douglasmsi/.m2/repository/io/opentracing/opentracing-util/0.33.0/opentracing-util-0.33.0.jar:/home/douglasmsi/.m2/repository/io/opentracing/contrib/opentracing-concurrent/0.3.0/opentracing-concurrent-0.3.0.jar:/home/douglasmsi/.m2/repository/io/opentracing/contrib/opentracing-spring-web-starter/2.1.1/opentracing-spring-web-starter-2.1.1.jar:/home/douglasmsi/.m2/repository/io/opentracing/contrib/opentracing-spring-web/2.1.1/opentracing-spring-web-2.1.1.jar:/home/douglasmsi/.m2/repository/io/opentracing/contrib/opentracing-web-servlet-filter/0.3.0/opentracing-web-servlet-filter-0.3.0.jar:/home/douglasmsi/.m2/repository/io/opentracing/contrib/opentracing-tracerresolver/0.1.6/opentracing-tracerresolver-0.1.6.jar:/home/douglasmsi/.m2/repository/io/opentracing/contrib/opentracing-spring-messaging-starter/0.1.2/opentracing-spring-messaging-starter-0.1.2.jar:/home/douglasmsi/.m2/repository/io/opentracing/contrib/opentracing-spring-messaging/0.1.2/opentracing-spring-messaging-0.1.2.jar:/home/douglasmsi/.m2/repository/io/opentracing/contrib/opentracing-spring-rabbitmq-starter/2.0.5/opentracing-spring-rabbitmq-starter-2.0.5.jar:/home/douglasmsi/.m2/repository/io/opentracing/contrib/opentracing-spring-rabbitmq/2.0.5/opentracing-spring-rabbitmq-2.0.5.jar:/home/douglasmsi/.m2/repository/io/opentracing/contrib/opentracing-spring-cloud-jdbc-starter/0.3.8/opentracing-spring-cloud-jdbc-starter-0.3.8.jar:/home/douglasmsi/.m2/repository/io/opentracing/contrib/opentracing-jdbc/0.1.1/opentracing-jdbc-0.1.1.jar:/home/douglasmsi/.m2/repository/io/opentracing/contrib/opentracing-spring-cloud-jms-starter/0.3.8/opentracing-spring-cloud-jms-starter-0.3.8.jar:/home/douglasmsi/.m2/repository/io/opentracing/contrib/opentracing-jms-spring/0.1.0/opentracing-jms-spring-0.1.0.jar:/home/douglasmsi/.m2/repository/io/opentracing/contrib/opentracing-jms-1/0.1.0/opentracing-jms-1-0.1.0.jar:/home/douglasmsi/.m2/repository/io/opentracing/contrib/opentracing-jms-common/0.1.0/opentracing-jms-common-0.1.0.jar:/home/douglasmsi/.m2/repository/io/opentracing/contrib/opentracing-spring-cloud-feign-starter/0.3.8/opentracing-spring-cloud-feign-starter-0.3.8.jar:/home/douglasmsi/.m2/repository/io/github/openfeign/opentracing/feign-opentracing/0.3.0/feign-opentracing-0.3.0.jar:/home/douglasmsi/.m2/repository/io/github/openfeign/opentracing/feign-hystrix-opentracing/0.3.0/feign-hystrix-opentracing-0.3.0.jar:/home/douglasmsi/.m2/repository/io/opentracing/contrib/opentracing-spring-cloud-hystrix-starter/0.3.8/opentracing-spring-cloud-hystrix-starter-0.3.8.jar:/home/douglasmsi/.m2/repository/io/opentracing/contrib/opentracing-spring-cloud-reactor-starter/0.3.8/opentracing-spring-cloud-reactor-starter-0.3.8.jar:/home/douglasmsi/.m2/repository/io/opentracing/contrib/opentracing-reactor/0.1.0/opentracing-reactor-0.1.0.jar:/home/douglasmsi/.m2/repository/io/opentracing/contrib/opentracing-spring-cloud-rxjava-starter/0.3.8/opentracing-spring-cloud-rxjava-starter-0.3.8.jar:/home/douglasmsi/.m2/repository/io/opentracing/contrib/opentracing-rxjava-1/0.1.0/opentracing-rxjava-1-0.1.0.jar:/home/douglasmsi/.m2/repository/io/opentracing/contrib/opentracing-spring-cloud-redis-starter/0.3.8/opentracing-spring-cloud-redis-starter-0.3.8.jar:/home/douglasmsi/.m2/repository/io/opentracing/contrib/opentracing-redis-spring-data2/0.1.2/opentracing-redis-spring-data2-0.1.2.jar:/home/douglasmsi/.m2/repository/io/opentracing/contrib/opentracing-redis-common/0.1.2/opentracing-redis-common-0.1.2.jar:/home/douglasmsi/.m2/repository/io/opentracing/contrib/opentracing-spring-cloud-mongo-starter/0.3.8/opentracing-spring-cloud-mongo-starter-0.3.8.jar:/home/douglasmsi/.m2/repository/io/opentracing/contrib/opentracing-mongo-driver/0.1.2/opentracing-mongo-driver-0.1.2.jar:/home/douglasmsi/.m2/repository/io/opentracing/contrib/opentracing-mongo-common/0.1.2/opentracing-mongo-common-0.1.2.jar:/home/douglasmsi/.m2/repository/io/opentracing/contrib/opentracing-spring-cloud-websocket-starter/0.3.8/opentracing-spring-cloud-websocket-starter-0.3.8.jar:/home/douglasmsi/.m2/repository/io/opentracing/contrib/opentracing-spring-cloud-zuul-starter/0.3.8/opentracing-spring-cloud-zuul-starter-0.3.8.jar:/home/douglasmsi/.m2/repository/io/opentracing/opentracing-api/0.32.0/opentracing-api-0.32.0.jar:/home/douglasmsi/.m2/repository/org/springframework/cloud/spring-cloud-starter-openfeign/2.2.0.RELEASE/spring-cloud-starter-openfeign-2.2.0.RELEASE.jar:/home/douglasmsi/.m2/repository/org/springframework/cloud/spring-cloud-starter/2.2.0.RELEASE/spring-cloud-starter-2.2.0.RELEASE.jar:/home/douglasmsi/.m2/repository/org/springframework/boot/spring-boot-starter/2.4.1/spring-boot-starter-2.4.1.jar:/home/douglasmsi/.m2/repository/org/springframework/boot/spring-boot-starter-logging/2.4.1/spring-boot-starter-logging-2.4.1.jar:/home/douglasmsi/.m2/repository/ch/qos/logback/logback-classic/1.2.3/logback-classic-1.2.3.jar:/home/douglasmsi/.m2/repository/ch/qos/logback/logback-core/1.2.3/logback-core-1.2.3.jar:/home/douglasmsi/.m2/repository/org/apache/logging/log4j/log4j-to-slf4j/2.13.3/log4j-to-slf4j-2.13.3.jar:/home/douglasmsi/.m2/repository/org/apache/logging/log4j/log4j-api/2.13.3/log4j-api-2.13.3.jar:/home/douglasmsi/.m2/repository/org/slf4j/jul-to-slf4j/1.7.30/jul-to-slf4j-1.7.30.jar:/home/douglasmsi/.m2/repository/jakarta/annotation/jakarta.annotation-api/1.3.5/jakarta.annotation-api-1.3.5.jar:/home/douglasmsi/.m2/repository/org/yaml/snakeyaml/1.27/snakeyaml-1.27.jar:/home/douglasmsi/.m2/repository/org/springframework/cloud/spring-cloud-context/2.2.0.RELEASE/spring-cloud-context-2.2.0.RELEASE.jar:/home/douglasmsi/.m2/repository/org/springframework/security/spring-security-rsa/1.0.7.RELEASE/spring-security-rsa-1.0.7.RELEASE.jar:/home/douglasmsi/.m2/repository/org/bouncycastle/bcpkix-jdk15on/1.60/bcpkix-jdk15on-1.60.jar:/home/douglasmsi/.m2/repository/org/bouncycastle/bcprov-jdk15on/1.60/bcprov-jdk15on-1.60.jar:/home/douglasmsi/.m2/repository/org/springframework/cloud/spring-cloud-openfeign-core/2.2.0.RELEASE/spring-cloud-openfeign-core-2.2.0.RELEASE.jar:/home/douglasmsi/.m2/repository/org/springframework/boot/spring-boot-starter-aop/2.4.1/spring-boot-starter-aop-2.4.1.jar:/home/douglasmsi/.m2/repository/org/springframework/spring-aop/5.3.2/spring-aop-5.3.2.jar:/home/douglasmsi/.m2/repository/org/aspectj/aspectjweaver/1.9.6/aspectjweaver-1.9.6.jar:/home/douglasmsi/.m2/repository/io/github/openfeign/form/feign-form-spring/3.8.0/feign-form-spring-3.8.0.jar:/home/douglasmsi/.m2/repository/io/github/openfeign/form/feign-form/3.8.0/feign-form-3.8.0.jar:/home/douglasmsi/.m2/repository/commons-fileupload/commons-fileupload/1.4/commons-fileupload-1.4.jar:/home/douglasmsi/.m2/repository/commons-io/commons-io/2.2/commons-io-2.2.jar:/home/douglasmsi/.m2/repository/org/springframework/spring-web/5.3.2/spring-web-5.3.2.jar:/home/douglasmsi/.m2/repository/org/springframework/spring-beans/5.3.2/spring-beans-5.3.2.jar:/home/douglasmsi/.m2/repository/org/springframework/spring-core/5.3.2/spring-core-5.3.2.jar:/home/douglasmsi/.m2/repository/org/springframework/spring-jcl/5.3.2/spring-jcl-5.3.2.jar:/home/douglasmsi/.m2/repository/org/springframework/cloud/spring-cloud-commons/2.2.0.RELEASE/spring-cloud-commons-2.2.0.RELEASE.jar:/home/douglasmsi/.m2/repository/org/springframework/security/spring-security-crypto/5.4.2/spring-security-crypto-5.4.2.jar:/home/douglasmsi/.m2/repository/io/github/openfeign/feign-core/10.4.0/feign-core-10.4.0.jar:/home/douglasmsi/.m2/repository/io/github/openfeign/feign-slf4j/10.4.0/feign-slf4j-10.4.0.jar:/home/douglasmsi/.m2/repository/io/github/openfeign/feign-hystrix/10.4.0/feign-hystrix-10.4.0.jar:/home/douglasmsi/.m2/repository/com/netflix/archaius/archaius-core/0.7.6/archaius-core-0.7.6.jar:/home/douglasmsi/.m2/repository/com/google/code/findbugs/jsr305/3.0.1/jsr305-3.0.1.jar:/home/douglasmsi/.m2/repository/com/netflix/hystrix/hystrix-core/1.5.18/hystrix-core-1.5.18.jar:/home/douglasmsi/.m2/repository/org/hdrhistogram/HdrHistogram/2.1.9/HdrHistogram-2.1.9.jar:/home/douglasmsi/.m2/repository/org/springframework/cloud/spring-cloud-starter-netflix-ribbon/2.2.0.RELEASE/spring-cloud-starter-netflix-ribbon-2.2.0.RELEASE.jar:/home/douglasmsi/.m2/repository/org/springframework/cloud/spring-cloud-netflix-ribbon/2.2.0.RELEASE/spring-cloud-netflix-ribbon-2.2.0.RELEASE.jar:/home/douglasmsi/.m2/repository/org/springframework/cloud/spring-cloud-netflix-archaius/2.2.0.RELEASE/spring-cloud-netflix-archaius-2.2.0.RELEASE.jar:/home/douglasmsi/.m2/repository/org/springframework/cloud/spring-cloud-starter-netflix-archaius/2.2.0.RELEASE/spring-cloud-starter-netflix-archaius-2.2.0.RELEASE.jar:/home/douglasmsi/.m2/repository/commons-configuration/commons-configuration/1.8/commons-configuration-1.8.jar:/home/douglasmsi/.m2/repository/com/netflix/ribbon/ribbon/2.3.0/ribbon-2.3.0.jar:/home/douglasmsi/.m2/repository/com/netflix/ribbon/ribbon-transport/2.3.0/ribbon-transport-2.3.0.jar:/home/douglasmsi/.m2/repository/io/reactivex/rxnetty-contexts/0.4.9/rxnetty-contexts-0.4.9.jar:/home/douglasmsi/.m2/repository/io/reactivex/rxnetty-servo/0.4.9/rxnetty-servo-0.4.9.jar:/home/douglasmsi/.m2/repository/javax/inject/javax.inject/1/javax.inject-1.jar:/home/douglasmsi/.m2/repository/io/reactivex/rxnetty/0.4.9/rxnetty-0.4.9.jar:/home/douglasmsi/.m2/repository/com/google/guava/guava/16.0.1/guava-16.0.1.jar:/home/douglasmsi/.m2/repository/com/netflix/ribbon/ribbon-core/2.3.0/ribbon-core-2.3.0.jar:/home/douglasmsi/.m2/repository/commons-lang/commons-lang/2.6/commons-lang-2.6.jar:/home/douglasmsi/.m2/repository/com/netflix/ribbon/ribbon-httpclient/2.3.0/ribbon-httpclient-2.3.0.jar:/home/douglasmsi/.m2/repository/commons-collections/commons-collections/3.2.2/commons-collections-3.2.2.jar:/home/douglasmsi/.m2/repository/com/sun/jersey/jersey-client/1.19.1/jersey-client-1.19.1.jar:/home/douglasmsi/.m2/repository/com/sun/jersey/jersey-core/1.19.1/jersey-core-1.19.1.jar:/home/douglasmsi/.m2/repository/javax/ws/rs/jsr311-api/1.1.1/jsr311-api-1.1.1.jar:/home/douglasmsi/.m2/repository/com/sun/jersey/contribs/jersey-apache-client4/1.19.1/jersey-apache-client4-1.19.1.jar:/home/douglasmsi/.m2/repository/com/netflix/servo/servo-core/0.12.21/servo-core-0.12.21.jar:/home/douglasmsi/.m2/repository/com/netflix/netflix-commons/netflix-commons-util/0.3.0/netflix-commons-util-0.3.0.jar:/home/douglasmsi/.m2/repository/com/netflix/ribbon/ribbon-loadbalancer/2.3.0/ribbon-loadbalancer-2.3.0.jar:/home/douglasmsi/.m2/repository/com/netflix/netflix-commons/netflix-statistics/0.1.1/netflix-statistics-0.1.1.jar:/home/douglasmsi/.m2/repository/io/reactivex/rxjava/1.3.8/rxjava-1.3.8.jar:/home/douglasmsi/.m2/repository/io/github/openfeign/feign-jackson/10.4.0/feign-jackson-10.4.0.jar:/home/douglasmsi/.m2/repository/com/fasterxml/jackson/core/jackson-databind/2.11.3/jackson-databind-2.11.3.jar:/home/douglasmsi/.m2/repository/com/fasterxml/jackson/core/jackson-annotations/2.11.3/jackson-annotations-2.11.3.jar:/home/douglasmsi/.m2/repository/com/fasterxml/jackson/core/jackson-core/2.11.3/jackson-core-2.11.3.jar:/home/douglasmsi/.m2/repository/io/github/openfeign/feign-httpclient/10.4.0/feign-httpclient-10.4.0.jar:/home/douglasmsi/.m2/repository/org/apache/httpcomponents/httpclient/4.5.13/httpclient-4.5.13.jar:/home/douglasmsi/.m2/repository/org/apache/httpcomponents/httpcore/4.4.14/httpcore-4.4.14.jar:/home/douglasmsi/.m2/repository/commons-codec/commons-codec/1.15/commons-codec-1.15.jar:/home/douglasmsi/.m2/repository/org/json/json/20200518/json-20200518.jar:/home/douglasmsi/.m2/repository/org/springframework/boot/spring-boot-autoconfigure/2.4.1/spring-boot-autoconfigure-2.4.1.jar:/home/douglasmsi/.m2/repository/org/springframework/boot/spring-boot/2.4.1/spring-boot-2.4.1.jar:/home/douglasmsi/.m2/repository/org/springframework/spring-context/5.3.2/spring-context-5.3.2.jar:/home/douglasmsi/.m2/repository/org/springframework/spring-expression/5.3.2/spring-expression-5.3.2.jar:/media/douglasmsi/dados/Tools/platform-starter/starter-commons/target/starter-commons-1.0-SNAPSHOT.jar:/home/douglasmsi/.m2/repository/com/fasterxml/jackson/datatype/jackson-datatype-jsr310/2.11.3/jackson-datatype-jsr310-2.11.3.jar:/home/douglasmsi/.m2/repository/org/slf4j/slf4j-api/1.7.30/slf4j-api-1.7.30.jar:"/>
    <property name="java.vm.vendor" value="Ubuntu"/>
    <property name="sun.arch.data.model" value="64"/>
    <property name="java.vendor.url" value="https://ubuntu.com/"/>
    <property name="user.timezone" value=""/>
    <property name="user.country.format" value="BR"/>
    <property name="java.vm.specification.version" value="11"/>
    <property name="os.name" value="Linux"/>
    <property name="sun.java.launcher" value="SUN_STANDARD"/>
    <property name="user.country" value="US"/>
    <property name="sun.boot.library.path" value="/usr/lib/jvm/java-11-openjdk-amd64/lib"/>
    <property name="sun.java.command" value="/media/douglasmsi/dados/Tools/platform-starter/starter-feign/target/surefire/surefirebooter9186332841214009925.jar /media/douglasmsi/dados/Tools/platform-starter/starter-feign/target/surefire 2021-01-17T16-54-26_925-jvmRun1 surefire3875060253637563613tmp surefire_43612767703144469796tmp"/>
    <property name="jdk.debug" value="release"/>
    <property name="surefire.test.class.path" value="/media/douglasmsi/dados/Tools/platform-starter/starter-feign/target/test-classes:/media/douglasmsi/dados/Tools/platform-starter/starter-feign/target/classes:/home/douglasmsi/.m2/repository/junit/junit/3.8.1/junit-3.8.1.jar:/media/douglasmsi/dados/Tools/platform-starter/starter-context/target/starter-context-1.0-SNAPSHOT.jar:/home/douglasmsi/.m2/repository/io/opentracing/contrib/opentracing-spring-cloud-starter/0.3.8/opentracing-spring-cloud-starter-0.3.8.jar:/home/douglasmsi/.m2/repository/io/opentracing/contrib/opentracing-spring-cloud-core/0.3.8/opentracing-spring-cloud-core-0.3.8.jar:/home/douglasmsi/.m2/repository/io/opentracing/contrib/opentracing-spring-tracer-configuration-starter/0.2.0/opentracing-spring-tracer-configuration-starter-0.2.0.jar:/home/douglasmsi/.m2/repository/io/opentracing/opentracing-noop/0.32.0/opentracing-noop-0.32.0.jar:/home/douglasmsi/.m2/repository/io/opentracing/opentracing-util/0.33.0/opentracing-util-0.33.0.jar:/home/douglasmsi/.m2/repository/io/opentracing/contrib/opentracing-concurrent/0.3.0/opentracing-concurrent-0.3.0.jar:/home/douglasmsi/.m2/repository/io/opentracing/contrib/opentracing-spring-web-starter/2.1.1/opentracing-spring-web-starter-2.1.1.jar:/home/douglasmsi/.m2/repository/io/opentracing/contrib/opentracing-spring-web/2.1.1/opentracing-spring-web-2.1.1.jar:/home/douglasmsi/.m2/repository/io/opentracing/contrib/opentracing-web-servlet-filter/0.3.0/opentracing-web-servlet-filter-0.3.0.jar:/home/douglasmsi/.m2/repository/io/opentracing/contrib/opentracing-tracerresolver/0.1.6/opentracing-tracerresolver-0.1.6.jar:/home/douglasmsi/.m2/repository/io/opentracing/contrib/opentracing-spring-messaging-starter/0.1.2/opentracing-spring-messaging-starter-0.1.2.jar:/home/douglasmsi/.m2/repository/io/opentracing/contrib/opentracing-spring-messaging/0.1.2/opentracing-spring-messaging-0.1.2.jar:/home/douglasmsi/.m2/repository/io/opentracing/contrib/opentracing-spring-rabbitmq-starter/2.0.5/opentracing-spring-rabbitmq-starter-2.0.5.jar:/home/douglasmsi/.m2/repository/io/opentracing/contrib/opentracing-spring-rabbitmq/2.0.5/opentracing-spring-rabbitmq-2.0.5.jar:/home/douglasmsi/.m2/repository/io/opentracing/contrib/opentracing-spring-cloud-jdbc-starter/0.3.8/opentracing-spring-cloud-jdbc-starter-0.3.8.jar:/home/douglasmsi/.m2/repository/io/opentracing/contrib/opentracing-jdbc/0.1.1/opentracing-jdbc-0.1.1.jar:/home/douglasmsi/.m2/repository/io/opentracing/contrib/opentracing-spring-cloud-jms-starter/0.3.8/opentracing-spring-cloud-jms-starter-0.3.8.jar:/home/douglasmsi/.m2/repository/io/opentracing/contrib/opentracing-jms-spring/0.1.0/opentracing-jms-spring-0.1.0.jar:/home/douglasmsi/.m2/repository/io/opentracing/contrib/opentracing-jms-1/0.1.0/opentracing-jms-1-0.1.0.jar:/home/douglasmsi/.m2/repository/io/opentracing/contrib/opentracing-jms-common/0.1.0/opentracing-jms-common-0.1.0.jar:/home/douglasmsi/.m2/repository/io/opentracing/contrib/opentracing-spring-cloud-feign-starter/0.3.8/opentracing-spring-cloud-feign-starter-0.3.8.jar:/home/douglasmsi/.m2/repository/io/github/openfeign/opentracing/feign-opentracing/0.3.0/feign-opentracing-0.3.0.jar:/home/douglasmsi/.m2/repository/io/github/openfeign/opentracing/feign-hystrix-opentracing/0.3.0/feign-hystrix-opentracing-0.3.0.jar:/home/douglasmsi/.m2/repository/io/opentracing/contrib/opentracing-spring-cloud-hystrix-starter/0.3.8/opentracing-spring-cloud-hystrix-starter-0.3.8.jar:/home/douglasmsi/.m2/repository/io/opentracing/contrib/opentracing-spring-cloud-reactor-starter/0.3.8/opentracing-spring-cloud-reactor-starter-0.3.8.jar:/home/douglasmsi/.m2/repository/io/opentracing/contrib/opentracing-reactor/0.1.0/opentracing-reactor-0.1.0.jar:/home/douglasmsi/.m2/repository/io/opentracing/contrib/opentracing-spring-cloud-rxjava-starter/0.3.8/opentracing-spring-cloud-rxjava-starter-0.3.8.jar:/home/douglasmsi/.m2/repository/io/opentracing/contrib/opentracing-rxjava-1/0.1.0/opentracing-rxjava-1-0.1.0.jar:/home/douglasmsi/.m2/repository/io/opentracing/contrib/opentracing-spring-cloud-redis-starter/0.3.8/opentracing-spring-cloud-redis-starter-0.3.8.jar:/home/douglasmsi/.m2/repository/io/opentracing/contrib/opentracing-redis-spring-data2/0.1.2/opentracing-redis-spring-data2-0.1.2.jar:/home/douglasmsi/.m2/repository/io/opentracing/contrib/opentracing-redis-common/0.1.2/opentracing-redis-common-0.1.2.jar:/home/douglasmsi/.m2/repository/io/opentracing/contrib/opentracing-spring-cloud-mongo-starter/0.3.8/opentracing-spring-cloud-mongo-starter-0.3.8.jar:/home/douglasmsi/.m2/repository/io/opentracing/contrib/opentracing-mongo-driver/0.1.2/opentracing-mongo-driver-0.1.2.jar:/home/douglasmsi/.m2/repository/io/opentracing/contrib/opentracing-mongo-common/0.1.2/opentracing-mongo-common-0.1.2.jar:/home/douglasmsi/.m2/repository/io/opentracing/contrib/opentracing-spring-cloud-websocket-starter/0.3.8/opentracing-spring-cloud-websocket-starter-0.3.8.jar:/home/douglasmsi/.m2/repository/io/opentracing/contrib/opentracing-spring-cloud-zuul-starter/0.3.8/opentracing-spring-cloud-zuul-starter-0.3.8.jar:/home/douglasmsi/.m2/repository/io/opentracing/opentracing-api/0.32.0/opentracing-api-0.32.0.jar:/home/douglasmsi/.m2/repository/org/springframework/cloud/spring-cloud-starter-openfeign/2.2.0.RELEASE/spring-cloud-starter-openfeign-2.2.0.RELEASE.jar:/home/douglasmsi/.m2/repository/org/springframework/cloud/spring-cloud-starter/2.2.0.RELEASE/spring-cloud-starter-2.2.0.RELEASE.jar:/home/douglasmsi/.m2/repository/org/springframework/boot/spring-boot-starter/2.4.1/spring-boot-starter-2.4.1.jar:/home/douglasmsi/.m2/repository/org/springframework/boot/spring-boot-starter-logging/2.4.1/spring-boot-starter-logging-2.4.1.jar:/home/douglasmsi/.m2/repository/ch/qos/logback/logback-classic/1.2.3/logback-classic-1.2.3.jar:/home/douglasmsi/.m2/repository/ch/qos/logback/logback-core/1.2.3/logback-core-1.2.3.jar:/home/douglasmsi/.m2/repository/org/apache/logging/log4j/log4j-to-slf4j/2.13.3/log4j-to-slf4j-2.13.3.jar:/home/douglasmsi/.m2/repository/org/apache/logging/log4j/log4j-api/2.13.3/log4j-api-2.13.3.jar:/home/douglasmsi/.m2/repository/org/slf4j/jul-to-slf4j/1.7.30/jul-to-slf4j-1.7.30.jar:/home/douglasmsi/.m2/repository/jakarta/annotation/jakarta.annotation-api/1.3.5/jakarta.annotation-api-1.3.5.jar:/home/douglasmsi/.m2/repository/org/yaml/snakeyaml/1.27/snakeyaml-1.27.jar:/home/douglasmsi/.m2/repository/org/springframework/cloud/spring-cloud-context/2.2.0.RELEASE/spring-cloud-context-2.2.0.RELEASE.jar:/home/douglasmsi/.m2/repository/org/springframework/security/spring-security-rsa/1.0.7.RELEASE/spring-security-rsa-1.0.7.RELEASE.jar:/home/douglasmsi/.m2/repository/org/bouncycastle/bcpkix-jdk15on/1.60/bcpkix-jdk15on-1.60.jar:/home/douglasmsi/.m2/repository/org/bouncycastle/bcprov-jdk15on/1.60/bcprov-jdk15on-1.60.jar:/home/douglasmsi/.m2/repository/org/springframework/cloud/spring-cloud-openfeign-core/2.2.0.RELEASE/spring-cloud-openfeign-core-2.2.0.RELEASE.jar:/home/douglasmsi/.m2/repository/org/springframework/boot/spring-boot-starter-aop/2.4.1/spring-boot-starter-aop-2.4.1.jar:/home/douglasmsi/.m2/repository/org/springframework/spring-aop/5.3.2/spring-aop-5.3.2.jar:/home/douglasmsi/.m2/repository/org/aspectj/aspectjweaver/1.9.6/aspectjweaver-1.9.6.jar:/home/douglasmsi/.m2/repository/io/github/openfeign/form/feign-form-spring/3.8.0/feign-form-spring-3.8.0.jar:/home/douglasmsi/.m2/repository/io/github/openfeign/form/feign-form/3.8.0/feign-form-3.8.0.jar:/home/douglasmsi/.m2/repository/commons-fileupload/commons-fileupload/1.4/commons-fileupload-1.4.jar:/home/douglasmsi/.m2/repository/commons-io/commons-io/2.2/commons-io-2.2.jar:/home/douglasmsi/.m2/repository/org/springframework/spring-web/5.3.2/spring-web-5.3.2.jar:/home/douglasmsi/.m2/repository/org/springframework/spring-beans/5.3.2/spring-beans-5.3.2.jar:/home/douglasmsi/.m2/repository/org/springframework/spring-core/5.3.2/spring-core-5.3.2.jar:/home/douglasmsi/.m2/repository/org/springframework/spring-jcl/5.3.2/spring-jcl-5.3.2.jar:/home/douglasmsi/.m2/repository/org/springframework/cloud/spring-cloud-commons/2.2.0.RELEASE/spring-cloud-commons-2.2.0.RELEASE.jar:/home/douglasmsi/.m2/repository/org/springframework/security/spring-security-crypto/5.4.2/spring-security-crypto-5.4.2.jar:/home/douglasmsi/.m2/repository/io/github/openfeign/feign-core/10.4.0/feign-core-10.4.0.jar:/home/douglasmsi/.m2/repository/io/github/openfeign/feign-slf4j/10.4.0/feign-slf4j-10.4.0.jar:/home/douglasmsi/.m2/repository/io/github/openfeign/feign-hystrix/10.4.0/feign-hystrix-10.4.0.jar:/home/douglasmsi/.m2/repository/com/netflix/archaius/archaius-core/0.7.6/archaius-core-0.7.6.jar:/home/douglasmsi/.m2/repository/com/google/code/findbugs/jsr305/3.0.1/jsr305-3.0.1.jar:/home/douglasmsi/.m2/repository/com/netflix/hystrix/hystrix-core/1.5.18/hystrix-core-1.5.18.jar:/home/douglasmsi/.m2/repository/org/hdrhistogram/HdrHistogram/2.1.9/HdrHistogram-2.1.9.jar:/home/douglasmsi/.m2/repository/org/springframework/cloud/spring-cloud-starter-netflix-ribbon/2.2.0.RELEASE/spring-cloud-starter-netflix-ribbon-2.2.0.RELEASE.jar:/home/douglasmsi/.m2/repository/org/springframework/cloud/spring-cloud-netflix-ribbon/2.2.0.RELEASE/spring-cloud-netflix-ribbon-2.2.0.RELEASE.jar:/home/douglasmsi/.m2/repository/org/springframework/cloud/spring-cloud-netflix-archaius/2.2.0.RELEASE/spring-cloud-netflix-archaius-2.2.0.RELEASE.jar:/home/douglasmsi/.m2/repository/org/springframework/cloud/spring-cloud-starter-netflix-archaius/2.2.0.RELEASE/spring-cloud-starter-netflix-archaius-2.2.0.RELEASE.jar:/home/douglasmsi/.m2/repository/commons-configuration/commons-configuration/1.8/commons-configuration-1.8.jar:/home/douglasmsi/.m2/repository/com/netflix/ribbon/ribbon/2.3.0/ribbon-2.3.0.jar:/home/douglasmsi/.m2/repository/com/netflix/ribbon/ribbon-transport/2.3.0/ribbon-transport-2.3.0.jar:/home/douglasmsi/.m2/repository/io/reactivex/rxnetty-contexts/0.4.9/rxnetty-contexts-0.4.9.jar:/home/douglasmsi/.m2/repository/io/reactivex/rxnetty-servo/0.4.9/rxnetty-servo-0.4.9.jar:/home/douglasmsi/.m2/repository/javax/inject/javax.inject/1/javax.inject-1.jar:/home/douglasmsi/.m2/repository/io/reactivex/rxnetty/0.4.9/rxnetty-0.4.9.jar:/home/douglasmsi/.m2/repository/com/google/guava/guava/16.0.1/guava-16.0.1.jar:/home/douglasmsi/.m2/repository/com/netflix/ribbon/ribbon-core/2.3.0/ribbon-core-2.3.0.jar:/home/douglasmsi/.m2/repository/commons-lang/commons-lang/2.6/commons-lang-2.6.jar:/home/douglasmsi/.m2/repository/com/netflix/ribbon/ribbon-httpclient/2.3.0/ribbon-httpclient-2.3.0.jar:/home/douglasmsi/.m2/repository/commons-collections/commons-collections/3.2.2/commons-collections-3.2.2.jar:/home/douglasmsi/.m2/repository/com/sun/jersey/jersey-client/1.19.1/jersey-client-1.19.1.jar:/home/douglasmsi/.m2/repository/com/sun/jersey/jersey-core/1.19.1/jersey-core-1.19.1.jar:/home/douglasmsi/.m2/repository/javax/ws/rs/jsr311-api/1.1.1/jsr311-api-1.1.1.jar:/home/douglasmsi/.m2/repository/com/sun/jersey/contribs/jersey-apache-client4/1.19.1/jersey-apache-client4-1.19.1.jar:/home/douglasmsi/.m2/repository/com/netflix/servo/servo-core/0.12.21/servo-core-0.12.21.jar:/home/douglasmsi/.m2/repository/com/netflix/netflix-commons/netflix-commons-util/0.3.0/netflix-commons-util-0.3.0.jar:/home/douglasmsi/.m2/repository/com/netflix/ribbon/ribbon-loadbalancer/2.3.0/ribbon-loadbalancer-2.3.0.jar:/home/douglasmsi/.m2/repository/com/netflix/netflix-commons/netflix-statistics/0.1.1/netflix-statistics-0.1.1.jar:/home/douglasmsi/.m2/repository/io/reactivex/rxjava/1.3.8/rxjava-1.3.8.jar:/home/douglasmsi/.m2/repository/io/github/openfeign/feign-jackson/10.4.0/feign-jackson-10.4.0.jar:/home/douglasmsi/.m2/repository/com/fasterxml/jackson/core/jackson-databind/2.11.3/jackson-databind-2.11.3.jar:/home/douglasmsi/.m2/repository/com/fasterxml/jackson/core/jackson-annotations/2.11.3/jackson-annotations-2.11.3.jar:/home/douglasmsi/.m2/repository/com/fasterxml/jackson/core/jackson-core/2.11.3/jackson-core-2.11.3.jar:/home/douglasmsi/.m2/repository/io/github/openfeign/feign-httpclient/10.4.0/feign-httpclient-10.4.0.jar:/home/douglasmsi/.m2/repository/org/apache/httpcomponents/httpclient/4.5.13/httpclient-4.5.13.jar:/home/douglasmsi/.m2/repository/org/apache/httpcomponents/httpcore/4.4.14/httpcore-4.4.14.jar:/home/douglasmsi/.m2/repository/commons-codec/commons-codec/1.15/commons-codec-1.15.jar:/home/douglasmsi/.m2/repository/org/json/json/20200518/json-20200518.jar:/home/douglasmsi/.m2/repository/org/springframework/boot/spring-boot-autoconfigure/2.4.1/spring-boot-autoconfigure-2.4.1.jar:/home/douglasmsi/.m2/repository/org/springframework/boot/spring-boot/2.4.1/spring-boot-2.4.1.jar:/home/douglasmsi/.m2/repository/org/springframework/spring-context/5.3.2/spring-context-5.3.2.jar:/home/douglasmsi/.m2/repository/org/springframework/spring-expression/5.3.2/spring-expression-5.3.2.jar:/media/douglasmsi/dados/Tools/platform-starter/starter-commons/target/starter-commons-1.0-SNAPSHOT.jar:/home/douglasmsi/.m2/repository/com/fasterxml/jackson/datatype/jackson-datatype-jsr310/2.11.3/jackson-datatype-jsr310-2.11.3.jar:/home/douglasmsi/.m2/repository/org/slf4j/slf4j-api/1.7.30/slf4j-api-1.7.30.jar:"/>
    <property name="sun.cpu.endian" value="little"/>
    <property name="user.home" value="/home/douglasmsi"/>
    <property name="user.language" value="en"/>
    <property name="java.specification.vendor" value="Oracle Corporation"/>
    <property name="java.version.date" value="2020-11-04"/>
    <property name="java.home" value="/usr/lib/jvm/java-11-openjdk-amd64"/>
    <property name="file.separator" value="/"/>
    <property name="basedir" value="/media/douglasmsi/dados/Tools/platform-starter/starter-feign"/>
    <property name="java.vm.compressedOopsMode" value="Zero based"/>
    <property name="line.separator" value="&#10;"/>
    <property name="java.specification.name" value="Java Platform API Specification"/>
    <property name="java.vm.specification.vendor" value="Oracle Corporation"/>
    <property name="java.awt.graphicsenv" value="sun.awt.X11GraphicsEnvironment"/>
    <property name="surefire.real.class.path" value="/media/douglasmsi/dados/Tools/platform-starter/starter-feign/target/surefire/surefirebooter9186332841214009925.jar"/>
    <property name="sun.management.compiler" value="HotSpot 64-Bit Tiered Compilers"/>
    <property name="java.runtime.version" value="11.0.9.1+1-Ubuntu-0ubuntu1.20.04"/>
    <property name="user.name" value="douglasmsi"/>
    <property name="path.separator" value=":"/>
    <property name="os.version" value="5.4.0-60-generic"/>
    <property name="java.runtime.name" value="OpenJDK Runtime Environment"/>
    <property name="file.encoding" value="UTF-8"/>
    <property name="java.vm.name" value="OpenJDK 64-Bit Server VM"/>
    <property name="localRepository" value="/home/douglasmsi/.m2/repository"/>
    <property name="java.vendor.url.bug" value="https://bugs.launchpad.net/ubuntu/+source/openjdk-lts"/>
    <property name="java.io.tmpdir" value="/tmp"/>
    <property name="idea.version" value="2020.3.1"/>
    <property name="java.version" value="11.0.9.1"/>
    <property name="user.dir" value="/media/douglasmsi/dados/Tools/platform-starter/starter-feign"/>
    <property name="os.arch" value="amd64"/>
    <property name="java.vm.specification.name" value="Java Virtual Machine Specification"/>
    <property name="java.awt.printerjob" value="sun.print.PSPrinterJob"/>
    <property name="user.language.format" value="pt"/>
    <property name="sun.os.patch.level" value="unknown"/>
    <property name="java.library.path" value="/usr/java/packages/lib:/usr/lib/x86_64-linux-gnu/jni:/lib/x86_64-linux-gnu:/usr/lib/x86_64-linux-gnu:/usr/lib/jni:/lib:/usr/lib"/>
    <property name="java.vm.info" value="mixed mode, sharing"/>
    <property name="java.vendor" value="Ubuntu"/>
    <property name="java.vm.version" value="11.0.9.1+1-Ubuntu-0ubuntu1.20.04"/>
    <property name="sun.io.unicode.encoding" value="UnicodeLittle"/>
    <property name="java.class.version" value="55.0"/>
  </properties>
  <testcase name="testApp" classname="br.com.dmsec.AppTest" time="0.003"/>
</testsuite>